<catalog name="catalog1">

  <!-- Single command "chains" from CatalogBaseTestCase -->
  <command   name="Command2"
        className="org.exoplatform.services.command.ACommand1"/>

  <command   name="Command3"
        className="org.exoplatform.services.command.ACommand1"/>

</catalog>
