<?xml version="1.0" encoding="ISO-8859-1"?>
<configuration>
  <component>
    <key>org.exoplatform.services.log.LogConfigurationInitializer</key>
    <type>org.exoplatform.services.log.LogConfigurationInitializer</type>
    <init-params>

      <value-param>
        <name>logger</name>
        <value>org.exoplatform.services.log.impl.BufferedLog4JLogger</value>
      </value-param>
      <value-param>
        <name>configurator</name>
        <value>org.exoplatform.services.log.impl.Log4JConfigurator</value>
      </value-param>
      <properties-param>
        <name>properties</name>
        <description>Log4J properties</description>
        <property name="log4j.rootLogger" value="INFO, stdout, file"/>
        <property name="log4j.appender.stdout" value="org.apache.log4j.ConsoleAppender"/>

        <property name="log4j.appender.stdout.layout" value="org.apache.log4j.PatternLayout"/>
        <property name="log4j.appender.stdout.layout.ConversionPattern" value="%d{dd.MM.yyyy HH:mm:ss} *%-5p* [%t] %c{1}: %m (%F, line %L) %n"/>
        <property name="log4j.appender.stdout.threshold" value="DEBUG"/>

        <property name="log4j.appender.file" value="org.apache.log4j.FileAppender"/>
        <property name="log4j.appender.file.File" value="jcr.log"/>

        <property name="log4j.appender.file.layout" value="org.apache.log4j.PatternLayout"/>
        <property name="log4j.appender.file.layout.ConversionPattern" value="%d{dd.MM.yyyy HH:mm:ss} *%-5p* [%t] %c{1}: %m (%F, line %L) %n"/>
      </properties-param>

      <!-- value-param>
        <name>logger</name>
        <value>org.exoplatform.services.log.impl.BufferedSimpleLog</value>
      </value-param>
      <value-param>
        <name>configurator</name>
        <value>org.exoplatform.services.log.impl.SimpleLogConfigurator</value>
      </value-param>
      <properties-param>
        <name>properties</name>
        <description>SimpleLog properties</description>
        <property name="org.apache.commons.logging.simplelog.defaultlog" value="debug"/>
        <property name="org.apache.commons.logging.simplelog.showdatetime" value="true"/>
      </properties-param -->

      <!-- value-param>
        <name>logger</name>
        <value>org.exoplatform.services.log.impl.BufferedJdk14Logger</value>
      </value-param>
      <value-param>
        <name>configurator</name>
        <value>org.exoplatform.services.log.impl.Jdk14Configurator</value>
      </value-param>
      <properties-param>
        <name>properties</name>
        <description>jdk1.4 Logger properties</description>
        <property name="handlers" value="java.util.logging.ConsoleHandler"/>
        <property name=".level" value="FINE"/>
        <property name="java.util.logging.ConsoleHandler.level" value="FINE"/>
      </properties-param -->

    </init-params>
  </component>

  <component>
    <key>org.exoplatform.services.naming.InitialContextInitializer</key>
    <type>org.exoplatform.services.naming.InitialContextInitializer</type>
    <component-plugins>
      <component-plugin>
        <name>bind.datasource</name>
        <set-method>addPlugin</set-method>
        <type>org.exoplatform.services.naming.BindReferencePlugin</type>
        <init-params>
          <value-param>
            <name>bind-name</name>
            <value>jdbcjcr</value>
          </value-param>
          <value-param>
            <name>class-name</name>
            <value>javax.sql.DataSource</value>
          </value-param>
          <value-param>
            <name>factory</name>
            <value>org.apache.commons.dbcp.BasicDataSourceFactory</value>
          </value-param>
          <properties-param>
            <name>ref-addresses</name>
            <description>ref-addresses</description>
            <property name="driverClassName" value="org.hsqldb.jdbcDriver"/>
            <property name="url" value="jdbc:hsqldb:file:target/temp/data/portal"/>
            <property name="username" value="sa"/>
            <property name="password" value=""/>
          </properties-param>
        </init-params>
      </component-plugin>

      <component-plugin>
        <name>tx.userTransaction</name>
        <set-method>addPlugin</set-method>
        <type>org.exoplatform.services.naming.BindReferencePlugin</type>
        <init-params>
          <value-param>
            <name>bind-name</name>
            <value>UserTransaction</value>
          </value-param>
          <value-param>
            <name>class-name</name>
            <value>javax.transaction.UserTransaction</value>
          </value-param>
          <value-param>
            <name>factory</name>
            <value>org.objectweb.jotm.UserTransactionFactory</value>
            <!-- value>org.exoplatform.services.transaction.UserTransactionFactory</value -->
          </value-param>
          <properties-param>
            <name>ref-addresses</name>
            <description>ref-addresses</description>
            <property name="timeout" value="60"/>
          </properties-param>
        </init-params>
     </component-plugin>
    </component-plugins>
    <init-params>
      <properties-param>
        <name>default-properties</name>
        <description>Default initial context properties</description>
        <property name="java.naming.factory.initial" value="org.exoplatform.services.naming.SimpleContextFactory"/>
      </properties-param>
      <!-- properties-param>
        <name>mandatory-properties</name>
        <description>Mandatory initial context properties</description>
        <property name="java.naming.factory.initial" value="org.exoplatform.services.naming.SimpleContextFactory"/>
        <property name="java.naming.provider.url" value="rmi://localhost:9999"/>
      </properties-param -->
    </init-params>
  </component>

  <component>
    <key>org.exoplatform.services.transaction.TransactionService</key>
    <type>org.exoplatform.services.transaction.impl.jotm.TransactionServiceJotmImpl</type>
    <init-params>
      <value-param>
        <name>timeout</name>
        <value>5</value>
      </value-param>
    </init-params>
  </component>

</configuration>
