<catalog>

  <!-- Single command "chains" from CatalogBaseTestCase -->
  <command   name="Command2"
        className="org.exoplatform.services.command.TestCommand1"/>

  <command   name="Command3"
        className="org.exoplatform.services.command.TestCommand1"/>

</catalog>
