<catalog>

  <!-- Single command "chains" from CatalogBaseTestCase -->
  <command   name="Command1"
        className="org.exoplatform.services.command.TestCommand1"/>

  <!-- Chains with nested commands -->
  <chain     name="Execute2">
    <command   id="1"
        className="org.exoplatform.services.command.TestCommand1"/>
    <command   id="2"
        className="org.exoplatform.services.command.TestCommand1"/>
  </chain>

</catalog>
