<?xml version="1.0" encoding="ISO-8859-1"?>
<configuration xmlns:xsi="http://www.w3.org/2001/XMLSchema-instance" xsi:schemaLocation="http://www.exoplaform.org/xml/ns/kernel_1_0.xsd http://www.exoplaform.org/xml/ns/kernel_1_0.xsd"
  xmlns="http://www.exoplaform.org/xml/ns/kernel_1_0.xsd">

  <!-- ============================================================================= -->
  <!--    U N I T     C O N F I G U R A T I O N                                      -->
  <!-- ============================================================================= -->

  <component>
    <type>org.exoplatform.mocks.MockService</type>

    <init-params>
      <object-param>
        <name>new.user.configuration</name>
        <description>Configure role , group for the new user</description>
        <object type="org.exoplatform.container.configuration.test.ConfigParam">
          <field name="role">
            <collection type="java.util.ArrayList">
              <value>
                <string>user</string>
              </value>
              <value>
                <string>portal</string>
              </value>
            </collection>
          </field>

          <field name="group">
            <collection type="java.util.ArrayList">
              <value>
                <object type="org.exoplatform.container.configuration.test.ConfigParam$Group">
                  <field name="name">
                    <string>portal</string>
                  </field>
                  <field name="membership">
                    <string>membership</string>
                  </field>
                </object>
              </value>
            </collection>
          </field>
          <field name="ignoredUser">
            <collection type="java.util.ArrayList">
              <value>
                <string>admin</string>
              </value>
              <value>
                <string>exo</string>
              </value>
              <value>
                <string>portal</string>
              </value>
              <value>
                <string>exotest</string>
              </value>
            </collection>
          </field>

        </object>
      </object-param>
    </init-params>
  </component>
 
 <!-- Log4J logger configuration -->
  <component>
    <key>org.exoplatform.services.log.LogConfigurationInitializer</key>
    <type>org.exoplatform.services.log.LogConfigurationInitializer</type>
    <init-params>
      <value-param>
        <name>logger</name>
        <value>org.slf4j.Logger</value>
      </value-param>
      <value-param>
        <name>configurator</name>
        <value>org.exoplatform.services.log.impl.Log4JConfigurator</value>
      </value-param>
      <properties-param>
        <name>properties</name>
        <description>Log4J properties</description>
        <property name="log4j.rootLogger" value="INFO, stdout, file" />
        <property name="log4j.appender.stdout" value="org.apache.log4j.ConsoleAppender" />
        <property name="log4j.appender.stdout.threshold" value="DEBUG" />
        <property name="log4j.appender.stdout.layout" value="org.apache.log4j.PatternLayout" />
        <property name="log4j.appender.stdout.layout.ConversionPattern" value="%d{dd.MM.yyyy HH:mm:ss} *%-5p* [%t] %c{1}: %m (%F, line %L) %n" />
        <property name="log4j.appender.file" value="org.apache.log4j.FileAppender" />
        <property name="log4j.appender.file.File" value="target/container.log" />
        <property name="log4j.appender.file.layout" value="org.apache.log4j.PatternLayout" />
        <property name="log4j.appender.file.layout.ConversionPattern" value="%d{dd.MM.yyyy HH:mm:ss} *%-5p* [%t] %c{1}: %m (%F, line %L) %n" />
      </properties-param>
    </init-params>
  </component>
 
<!-- JDK14 logger configuration -->
<!-- 
  <component>
    <key>org.exoplatform.services.log.LogConfigurationInitializer</key>
    <type>org.exoplatform.services.log.LogConfigurationInitializer</type>
    <init-params>
      <value-param>
        <name>logger</name>
        <value>org.slf4j.Logger</value>
      </value-param>
      <value-param>
        <name>configurator</name>
        <value>org.exoplatform.services.log.impl.Jdk14Configurator</value>
      </value-param>
      <properties-param>
        <name>properties</name>
        <description>jdk1.4 Logger properties</description>
        <property name="handlers" value="java.util.logging.ConsoleHandler,java.util.logging.FileHandler" />
        <property name=".level" value="INFO" />
        <property name="java.util.logging.ConsoleHandler.level" value="ALL" />
        <property name="java.util.logging.FileHandler.pattern" value="./target/java%u.log" />
        <property name="java.util.logging.FileHandler.formatter" value="java.util.logging.SimpleFormatter" />
      </properties-param>
    </init-params>
  </component>
 -->
 
  <component>
    <key>org.exoplatform.mocks.MockServiceA</key>
    <type>org.exoplatform.mocks.MockServiceAImp</type>
  </component>

  <component>
    <key>org.exoplatform.mocks.MockServiceB</key>
    <type>org.exoplatform.mocks.MockServiceBImp</type>
  </component>

  <component>
    <type>org.exoplatform.container.test.MultibleComponent</type>
    <multi-instance>true</multi-instance>
  </component>

  <component>
    <type>org.exoplatform.container.test.DefaultComponent</type>
  </component>

</configuration>
