<?xml version="1.0" encoding="ISO-8859-1"?>
<configuration>
	<component>
    <key>org.exoplatform.services.compress.CompressData</key>
    <type>org.exoplatform.services.compress.CompressData</type>
  </component> 
  
  <component>
    <key>org.exoplatform.services.listener.ListenerService</key>
    <type>org.exoplatform.services.listener.ListenerService</type>
    <component-plugins>
      <component-plugin>
	      <name>new.bean</name>
	      <set-method>addListener</set-method>
	      <type>org.exoplatform.services.listener.BeanListener</type>
	      <description>add new listener to listener service</description>
	    </component-plugin>
    </component-plugins>
  </component>
  
  <external-component-plugins>
    <target-component>org.exoplatform.services.listener.ListenerService</target-component>
    <component-plugin>
  	  <name>set.value.bean</name>
		  <set-method>addListener</set-method>
	  	<type>org.exoplatform.services.listener.SetValueBeanListener</type>
	  	<description>set value listener</description>
		</component-plugin>
  </external-component-plugins>
       
  <external-component-plugins>
    <target-component>org.exoplatform.services.scheduler.JobSchedulerService</target-component>
    <component-plugin>
      <name>AddJob</name>
      <set-method>addPeriodJob</set-method>
      <type>org.exoplatform.services.scheduler.PeriodJob</type>
      <description>add a job to the JobSchedulerService</description>
      <init-params>
        <properties-param>
          <name>job.info</name>
          <description>Default Hibernate Service</description>
          <property name="jobName" value="job"/>
          <property name="groupName" value="group"/>
          <property name="job" value="org.exoplatform.services.scheduler.test.AJob"/>

          <property name="repeatCount" value="1"/>
          <property name="period" value="10"/>
          <property name="startTime" value="+0"/>
          <property name="endTime" value=""/>
        </properties-param>
      </init-params>    
    </component-plugin>
  </external-component-plugins>

  <external-component-plugins>
    <target-component>org.exoplatform.services.scheduler.JobSchedulerService</target-component>
    <component-plugin>
      <name>AddCronJob</name>
      <set-method>addCronJob</set-method>
      <type>org.exoplatform.services.scheduler.CronJob</type>
      <description>add a cron job to the JobSchedulerService</description>
      <init-params>
        <properties-param>
          <name>cronjob.info</name>
          <description>A test cron job</description>
          <property name="jobName" value="job"/>
          <property name="groupName" value="group"/>
          <property name="job" value="org.exoplatform.services.scheduler.test.AJob"/>
          <property name="expression" value="0 15 10 ? * *"/>
        </properties-param>
      </init-params>          
    </component-plugin>    
  </external-component-plugins>
  
  <external-component-plugins>
    <target-component>org.exoplatform.services.scheduler.JobSchedulerService</target-component>
    <component-plugin>
      <name>AddJob</name>
      <set-method>addPeriodJob</set-method>
      <type>org.exoplatform.services.scheduler.PeriodJob</type>
      <description>add a job to the JobSchedulerService</description>
      <init-params>
        <properties-param>
          <name>job.info</name>
          <description>Test QueueTaks</description>
          <property name="jobName" value="TestQueueTask"/>
          <property name="groupName" value="QueueTask"/>
          <property name="job" value="org.exoplatform.services.scheduler.impl.QueueTaskJob"/>

          <property name="repeatCount" value="0"/>
          <property name="period" value="1000"/>
          <property name="startTime" value="+0"/>
          <property name="endTime" value=""/>
        </properties-param>
      </init-params>    
    </component-plugin>
  </external-component-plugins>      
</configuration>
