<?xml version="1.0" encoding="ISO-8859-1"?>
<configuration>
  <component>
    <key>org.exoplatform.services.download.DownloadService</key>
    <type>org.exoplatform.services.download.impl.DownloadServiceImpl</type>
    <init-params>
      <value-param>
        <name>download.resource.cache.size</name>
        <description>Maximun number of the download can be in the cache</description>
        <value>3</value>
      </value-param>
    </init-params>        
  </component> 
         
	<component>
    <key>org.exoplatform.services.compress.CompressData</key>
    <type>org.exoplatform.services.compress.CompressData</type>
     </component> 
       
  <external-component-plugins>
    <target-component>org.exoplatform.services.scheduler.JobSchedulerService</target-component>
    <component-plugin>
      <name>AddJob</name>
      <set-method>addPeriodJob</set-method>
      <type>org.exoplatform.services.scheduler.PeriodJob</type>
      <description>add a job to the JobSchedulerService</description>
      <init-params>
        <properties-param>
          <name>job.info</name>
          <description>Default Hibernate Service</description>
          <property name="jobName" value="job"/>
          <property name="groupName" value="group"/>
          <property name="job" value="org.exoplatform.services.scheduler.test.AJob"/>

          <property name="repeatCount" value="1"/>
          <property name="period" value="10"/>
          <property name="startTime" value="+0"/>
          <property name="endTime" value=""/>
        </properties-param>
      </init-params>    
    </component-plugin>
  </external-component-plugins>

  <external-component-plugins>
    <target-component>org.exoplatform.services.scheduler.JobSchedulerService</target-component>
    <component-plugin>
      <name>AddCronJob</name>
      <set-method>addCronJob</set-method>
      <type>org.exoplatform.services.scheduler.CronJob</type>
      <description>add a cron job to the JobSchedulerService</description>
      <init-params>
        <properties-param>
          <name>cronjob.info</name>
          <description>A test cron job</description>
          <property name="jobName" value="job"/>
          <property name="groupName" value="group"/>
          <property name="job" value="org.exoplatform.services.scheduler.test.AJob"/>
          <property name="expression" value="0 15 10 ? * *"/>
        </properties-param>
      </init-params>          
    </component-plugin>    
  </external-component-plugins>
  
  <external-component-plugins>
    <target-component>org.exoplatform.services.scheduler.JobSchedulerService</target-component>
    <component-plugin>
      <name>AddJob</name>
      <set-method>addPeriodJob</set-method>
      <type>org.exoplatform.services.scheduler.PeriodJob</type>
      <description>add a job to the JobSchedulerService</description>
      <init-params>
        <properties-param>
          <name>job.info</name>
          <description>Test QueueTaks</description>
          <property name="jobName" value="TestQueueTask"/>
          <property name="groupName" value="QueueTask"/>
          <property name="job" value="org.exoplatform.services.scheduler.impl.QueueTaskJob"/>

          <property name="repeatCount" value="0"/>
          <property name="period" value="1000"/>
          <property name="startTime" value="+0"/>
          <property name="endTime" value=""/>
        </properties-param>
      </init-params>    
    </component-plugin>
  </external-component-plugins>      
</configuration>
