<?xml version="1.0" encoding="ISO-8859-1"?>
<configuration>
  <!-- ============================================================================= -->
  <!--    U N I T     C O N F I G U R A T I O N                                      -->
  <!-- ============================================================================= -->

  <component>
    <key>MockService</key>
    <type>org.exoplatform.mocks.MockService</type>
    <component-plugins>
      <component-plugin>
        <name>internal.component.plugin.1</name>
        <set-method>addPlugin</set-method>
        <type>org.exoplatform.mocks.MockServicePlugin</type>
        <description>test internal plugin</description>
        <init-params>
          <value-param>
            <name>name</name>
            <description>description</description>
            <value>a value</value>
          </value-param>
        </init-params>
      </component-plugin>
    </component-plugins>

    <!--
    <plugins>
      <plugin>
        <name>internal.plugin.1</name>
        <type>org.exoplatform.mocks.MockServicePlugin</type>
        <description>test internal plugin</description>
        <init-params>
          <value-param>
            <name>name</name>
            <description>description</description>
            <value>a value</value>
          </value-param>
        </init-params>
      </plugin>
    </plugins>

    <listeners>
      <listener>
        <name>internal.listener.1</name>
        <type>org.exoplatform.mocks.MockServiceListener</type>
        <description>test internal listener</description>
        <init-params>
          <value-param>
            <name>name</name>
            <description>description</description>
            <value>a value</value>
          </value-param>
        </init-params>
      </listener>
    </listeners>
    -->

    <rule-plugins>
      <rule-plugin>
        <name>rule.plugin</name>
        <type>org.exoplatform.container.component.DroolRulePlugin</type>
        <rule-declaration>jar:/org/exoplatform/container/test/state.java.drl</rule-declaration>
        <description>description</description>
        <init-params>
          <value-param>
            <name>name</name>
            <description>description</description>
            <value>a value</value>
          </value-param>
        </init-params>
      </rule-plugin>
    </rule-plugins>

    <init-params>
      <value-param>
        <name>new.user.configuration</name>
        <description>Configure role , group for the new user</description>
        <value>this is a test</value>
      </value-param>
    </init-params>
  </component>

  <external-component-plugins>
    <target-component>MockService</target-component>
    <component-plugin>
      <name>external.component.plugin.1</name>
      <set-method>addPlugin</set-method>
      <type>org.exoplatform.mocks.MockServicePlugin</type>
      <description>test external plugin</description>
      <init-params>
        <value-param>
          <name>name</name>
          <description>description</description>
          <value>a value</value>
        </value-param>
      </init-params>
    </component-plugin>
  </external-component-plugins>

  <!--
  <external-plugins>
    <target-component>MockService</target-component>
    <plugin>
      <name>external.plugin.1</name>
      <type>org.exoplatform.mocks.MockServicePlugin</type>
      <description>test external plugin</description>
      <init-params>
        <value-param>
          <name>name</name>
          <description>description</description>
          <value>a value</value>
        </value-param>
      </init-params>
    </plugin>
  </external-plugins>

  <external-listeners>
    <target-component>MockService</target-component>
    <listener>
      <name>external.listener.1</name>
      <type>org.exoplatform.mocks.MockServiceListener</type>
      <description>test external listener</description>
      <init-params>
        <value-param>
          <name>name</name>
          <description>description</description>
          <value>a value</value>
        </value-param>
      </init-params>
    </listener>
  </external-listeners>
  -->
</configuration>
