<?xml version="1.0" encoding="ISO-8859-1"?>
<configuration xmlns:xsi="http://www.w3.org/2001/XMLSchema-instance" xsi:schemaLocation="http://www.exoplaform.org/xml/ns/kernel_1_0.xsd http://www.exoplaform.org/xml/ns/kernel_1_0.xsd"
  xmlns="http://www.exoplaform.org/xml/ns/kernel_1_0.xsd">
  <component>
    <key>org.exoplatform.services.log.LogConfigurationInitializer</key>
    <type>org.exoplatform.services.log.LogConfigurationInitializer</type>
    <init-params>
      <value-param>
        <name>logger</name>
        <value>org.slf4j.Logger</value>
      </value-param>
      <value-param>
        <name>configurator</name>
        <value>org.exoplatform.services.log.impl.Log4JConfigurator</value>
      </value-param>
      <properties-param>
        <name>properties</name>
        <description>Log4J properties</description>
        <property name="log4j.rootLogger" value="DEBUG, stdout" />

        <property name="log4j.appender.stdout" value="org.apache.log4j.ConsoleAppender" />
        <property name="log4j.appender.stdout.threshold" value="DEBUG" />
        <property name="log4j.appender.stdout.layout" value="org.apache.log4j.PatternLayout" />
        <property name="log4j.appender.stdout.layout.ConversionPattern" value="%d{dd.MM.yyyy HH:mm:ss} *%-5p* [%t] %c{1}: %m (%F, line %L) %n" />
        <property name="log4j.appender.file" value="org.apache.log4j.FileAppender" />
        <property name="log4j.appender.file.File" value="target/container.log" />
        <property name="log4j.appender.file.layout" value="org.apache.log4j.PatternLayout" />
        <property name="log4j.appender.file.layout.ConversionPattern" value="%d{dd.MM.yyyy HH:mm:ss} *%-5p* [%t] %c{1}: %m (%F, line %L) %n" />
        <property name="log4j.category.jcr.FileCleaner" value="DEBUG" />

      </properties-param>
    </init-params>
  </component>




</configuration>
